<?xml version="1.0" encoding="UTF-8"?>
<!-- Generated by org.testng.reporters.JUnitReportReporter -->
<testsuite hostname="DESKTOP-Q46E122" failures="0" tests="1" name="swtestacademy.Get01" time="0.025" errors="0" timestamp="2021-06-02T11:03:50 TRT" skipped="0">
  <testcase classname="swtestacademy.Get01" name="setUp" time="0.025"/>
  <system-out/>
</testsuite> <!-- swtestacademy.Get01 -->
