<?xml version="1.0" encoding="UTF-8"?>
<!-- Generated by org.testng.reporters.JUnitReportReporter -->
<testsuite hostname="DESKTOP-8ITLO1N" failures="0" tests="4" name="paven.Demo05_Basic_Validation" time="5.007" errors="0" timestamp="2021-05-30T13:30:05 EET" skipped="0">
  <testcase classname="paven.Demo05_Basic_Validation" name="testSatusCode" time="2.973"/>
  <system-out/>
  <testcase classname="paven.Demo05_Basic_Validation" name="testLoggin" time="0.417"/>
  <system-out/>
  <testcase classname="paven.Demo05_Basic_Validation" name="singleValidation" time="1.237"/>
  <system-out/>
  <testcase classname="paven.Demo05_Basic_Validation" name="multipleValidation" time="0.380"/>
  <system-out/>
</testsuite> <!-- paven.Demo05_Basic_Validation -->
