<?xml version="1.0" encoding="UTF-8"?>
<!-- Generated by org.testng.reporters.JUnitReportReporter -->
<testsuite hostname="DESKTOP-8ITLO1N" failures="0" tests="1" name="paven.Demo03_put_request" time="2.787" errors="0" timestamp="2021-05-30T00:59:42 EET" skipped="0">
  <testcase classname="paven.Demo03_put_request" name="postData" time="2.787"/>
  <system-out/>
</testsuite> <!-- paven.Demo03_put_request -->
