<?xml version="1.0" encoding="UTF-8"?>
<!-- Generated by org.testng.reporters.JUnitReportReporter -->
<testsuite hostname="DESKTOP-8ITLO1N" failures="0" tests="1" name="paven.Demo05_Delete_response_Request" time="3.260" errors="0" timestamp="2021-05-30T01:18:07 EET" skipped="0">
  <testcase classname="paven.Demo05_Delete_response_Request" name="delData" time="3.260"/>
  <system-out/>
</testsuite> <!-- paven.Demo05_Delete_response_Request -->
