<?xml version="1.0" encoding="UTF-8"?>
<!-- Generated by org.testng.reporters.JUnitReportReporter -->
<testsuite hostname="DESKTOP-8ITLO1N" failures="0" tests="1" name="paven.Demo01_get_request" time="3.928" errors="0" timestamp="2021-05-30T18:03:02 EET" skipped="0">
  <testcase classname="paven.Demo01_get_request" name="getTodos" time="3.928"/>
  <system-out/>
</testsuite> <!-- paven.Demo01_get_request -->
