<?xml version="1.0" encoding="UTF-8"?>
<!-- Generated by org.testng.reporters.JUnitReportReporter -->
<testsuite hostname="DESKTOP-8ITLO1N" failures="0" tests="1" name="paven.Test_No_Serilation" time="3.556" errors="0" timestamp="2021-05-30T17:15:28 EET" skipped="0">
  <testcase classname="paven.Test_No_Serilation" name="getUser" time="3.556"/>
  <system-out/>
</testsuite> <!-- paven.Test_No_Serilation -->
