<?xml version="1.0" encoding="UTF-8"?>
<!-- Generated by org.testng.reporters.JUnitReportReporter -->
<testsuite hostname="DESKTOP-Q46E122" failures="0" tests="3" name="devqa.Post01_Request" time="5.886" errors="0" timestamp="2021-06-01T16:28:38 TRT" skipped="0">
  <testcase classname="devqa.Post01_Request" name="postRequest" time="3.995"/>
  <system-out/>
  <testcase classname="devqa.Post01_Request" name="postRequestWithMap" time="1.175"/>
  <system-out/>
  <testcase classname="devqa.Post01_Request" name="postRequestWithString" time="0.716"/>
  <system-out/>
</testsuite> <!-- devqa.Post01_Request -->
