<?xml version="1.0" encoding="UTF-8"?>
<!-- Generated by org.testng.reporters.JUnitReportReporter -->
<testsuite hostname="DESKTOP-8ITLO1N" failures="0" tests="1" name="paven.Demo02_post_request" time="3.584" errors="0" timestamp="2021-05-30T00:40:55 EET" skipped="0">
  <testcase classname="paven.Demo02_post_request" name="postData" time="3.584"/>
  <system-out/>
</testsuite> <!-- paven.Demo02_post_request -->
