<?xml version="1.0" encoding="UTF-8"?>
<!-- Generated by org.testng.reporters.JUnitReportReporter -->
<testsuite hostname="DESKTOP-8ITLO1N" failures="0" tests="1" name="paven.Demo04_Delete_Request" time="3.701" errors="0" timestamp="2021-05-30T01:07:08 EET" skipped="0">
  <testcase classname="paven.Demo04_Delete_Request" name="postData" time="3.701"/>
  <system-out/>
</testsuite> <!-- paven.Demo04_Delete_Request -->
